2023-10-06 18:53:05,837 - main - INFO - POST /register-user/ Users created id:9,name:Amir,surname:Garaev,age:20
2023-10-06 18:54:41,304 - main - INFO - POST /picnic-add/ Picnic created id:11,city:Nizhnekamsk,time:2024-10-10 14:00:00
2023-10-06 18:55:29,173 - main - INFO - GET /all-picnics/ Picnic registration list
2023-10-06 19:00:02,136 - main - INFO - GET /all-picnics/ Picnic registration list
2023-10-06 19:22:00,134 - main - INFO - GET /get-cities/ List of cities received
2023-10-06 19:22:26,208 - main - INFO - GET /get-cities/ List of cities received
2023-10-06 19:23:16,123 - main - INFO - GET /get-cities/ List of cities received
2023-10-06 19:23:30,598 - main - INFO - GET /get-cities/ List of cities received
2023-10-06 19:23:47,406 - main - INFO - GET /get-cities/ List of cities received
2023-10-06 19:25:04,330 - main - INFO - GET /get-cities/ List of cities received
2023-10-06 19:25:05,008 - main - INFO - GET /get-cities/ List of cities received
2023-10-06 19:28:15,100 - main - INFO - POST /register-user/ Users created id:10,name:TEST,surname:TEST,age:100
2023-10-06 19:29:28,976 - main - INFO - GET /user-list/ User list received
2023-10-06 19:30:00,769 - main - INFO - GET /user-list/ User list received
2023-10-06 19:34:11,006 - main - INFO - POST /picnic-add/ Picnic created id:12,city:Nizhnekamsk,time:2023-10-19 19:00:00
2023-10-06 19:36:45,765 - main - INFO - GET /all-picnics/ Picnic registration list
2023-10-06 19:37:14,292 - main - INFO - GET /all-picnics/ Picnic registration list
2023-10-06 19:42:20,246 - main - INFO - GET /all-picnics/ Picnic registration list
2023-10-06 19:43:33,222 - main - INFO - POST /register-user/ Users created id:11,name:TEST,surname:TEST,age:100
2023-10-06 19:44:09,008 - main - INFO - POST /register-user/ Users created id:12,name:TEST,surname:TEST,age:100
2023-10-06 19:44:47,591 - main - INFO - POST /register-user/ Users created id:13,name:TEST,surname:TEST,age:100
2023-10-06 19:45:03,256 - main - INFO - POST /register-user/ Users created id:14,name:TEST,surname:TEST,age:100
2023-10-06 19:48:46,819 - main - INFO - GET /get-cities/ List of cities received
2023-10-06 19:48:47,431 - main - INFO - GET /get-cities/ List of cities received
2023-10-06 19:48:47,779 - main - INFO - POST /register-user/ Users created id:15,name:TEST,surname:TEST,age:100
2023-10-06 19:48:47,786 - main - INFO - GET /user-list/ User list received
2023-10-06 19:48:48,083 - main - INFO - POST /picnic-add/ Picnic created id:13,city:Nizhnekamsk,time:2023-10-19 19:00:00
2023-10-06 19:48:48,089 - main - INFO - GET /all-picnics/ Picnic registration list
2023-10-06 19:48:48,479 - main - INFO - GET /all-picnics/ Picnic registration list
2023-10-06 19:49:15,806 - main - INFO - GET /get-cities/ List of cities received
2023-10-06 19:49:16,539 - main - INFO - GET /get-cities/ List of cities received
2023-10-06 19:49:16,863 - main - INFO - POST /register-user/ Users created id:16,name:TEST,surname:TEST,age:100
2023-10-06 19:49:16,872 - main - INFO - GET /user-list/ User list received
2023-10-06 19:49:16,894 - main - INFO - POST /picnic-add/ Picnic created id:14,city:Nizhnekamsk,time:2023-10-19 19:00:00
2023-10-06 19:49:16,900 - main - INFO - GET /all-picnics/ Picnic registration list
2023-10-06 19:49:17,294 - main - INFO - GET /all-picnics/ Picnic registration list
2023-10-06 19:49:34,758 - main - INFO - GET /get-cities/ List of cities received
2023-10-06 19:49:35,413 - main - INFO - GET /get-cities/ List of cities received
2023-10-06 19:49:35,758 - main - INFO - POST /register-user/ Users created id:17,name:TEST,surname:TEST,age:100
2023-10-06 19:49:35,766 - main - INFO - GET /user-list/ User list received
2023-10-06 19:49:35,781 - main - INFO - POST /picnic-add/ Picnic created id:15,city:Nizhnekamsk,time:2023-10-19 19:00:00
2023-10-06 19:49:35,786 - main - INFO - GET /all-picnics/ Picnic registration list
2023-10-06 19:49:36,214 - main - INFO - GET /all-picnics/ Picnic registration list
2023-10-06 19:58:53,212 - main - INFO - City "Kazan" was successfully created
2023-10-06 19:58:53,578 - main - INFO - GET /get-cities/ List of cities received
2023-10-06 19:58:53,896 - main - INFO - GET /get-cities/ List of cities received
2023-10-06 19:58:54,282 - main - INFO - POST /register-user/ Users created id:18,name:TEST,surname:TEST,age:100
2023-10-06 19:58:54,291 - main - INFO - GET /user-list/ User list received
2023-10-06 19:58:55,703 - main - INFO - GET /all-picnics/ Picnic registration list
2023-10-06 19:58:55,727 - main - INFO - GET /all-picnics/ Picnic registration list
2023-10-06 20:03:26,185 - main - INFO - City "Kazan" was successfully created
2023-10-06 20:03:26,510 - main - INFO - GET /get-cities/ List of cities received
2023-10-06 20:03:26,801 - main - INFO - GET /get-cities/ List of cities received
2023-10-06 20:03:27,124 - main - INFO - POST /register-user/ Users created id:19,name:TEST,surname:TEST,age:100
2023-10-06 20:03:27,133 - main - INFO - GET /user-list/ User list received
2023-10-06 20:03:27,439 - main - INFO - GET /all-picnics/ Picnic registration list
2023-10-06 20:09:23,811 - main - INFO - City "Kazan" was successfully created
2023-10-06 20:09:24,233 - main - INFO - GET /get-cities/ List of cities received
2023-10-06 20:09:24,549 - main - INFO - GET /get-cities/ List of cities received
2023-10-06 20:09:24,869 - main - INFO - POST /register-user/ Users created id:20,name:TEST,surname:TEST,age:100
2023-10-06 20:09:24,878 - main - INFO - GET /user-list/ User list received
2023-10-06 20:09:25,165 - main - INFO - GET /all-picnics/ Picnic registration list
2023-10-06 20:10:33,947 - main - INFO - City "Kazan" was successfully created
2023-10-06 20:10:34,325 - main - INFO - GET /get-cities/ List of cities received
2023-10-06 20:10:34,648 - main - INFO - GET /get-cities/ List of cities received
2023-10-06 20:10:34,975 - main - INFO - POST /register-user/ Users created id:21,name:TEST,surname:TEST,age:100
2023-10-06 20:10:34,983 - main - INFO - GET /user-list/ User list received
2023-10-06 20:10:35,283 - main - INFO - GET /all-picnics/ Picnic registration list
2023-10-06 20:11:06,956 - main - INFO - City "Kazan" was successfully created
2023-10-06 20:11:07,306 - main - INFO - GET /get-cities/ List of cities received
2023-10-06 20:11:07,629 - main - INFO - GET /get-cities/ List of cities received
2023-10-06 20:11:07,982 - main - INFO - POST /register-user/ Users created id:22,name:TEST,surname:TEST,age:100
2023-10-06 20:11:07,991 - main - INFO - GET /user-list/ User list received
2023-10-06 20:11:08,302 - main - INFO - GET /all-picnics/ Picnic registration list
2023-10-06 20:13:41,265 - main - INFO - City "Kazan" was successfully created
2023-10-06 20:13:41,567 - main - INFO - GET /get-cities/ List of cities received
2023-10-06 20:13:41,887 - main - INFO - GET /get-cities/ List of cities received
2023-10-06 20:13:42,234 - main - INFO - POST /register-user/ Users created id:23,name:TEST,surname:TEST,age:100
2023-10-06 20:13:42,244 - main - INFO - GET /user-list/ User list received
2023-10-06 20:13:42,540 - main - INFO - GET /all-picnics/ Picnic registration list
2023-10-06 20:15:20,909 - main - INFO - POST /picnic-add/ Picnic created id:17,city:Kazan,time:2024-10-10 13:00:00
2023-10-06 20:15:48,956 - main - INFO - City "Kazan" was successfully created
2023-10-06 20:15:49,284 - main - INFO - GET /get-cities/ List of cities received
2023-10-06 20:15:49,646 - main - INFO - GET /get-cities/ List of cities received
2023-10-06 20:15:49,975 - main - INFO - POST /register-user/ Users created id:24,name:TEST,surname:TEST,age:100
2023-10-06 20:15:49,985 - main - INFO - GET /user-list/ User list received
2023-10-06 20:15:50,278 - main - INFO - GET /all-picnics/ Picnic registration list
2023-10-06 20:16:11,970 - main - INFO - City "Kazan" was successfully created
2023-10-06 20:16:12,298 - main - INFO - GET /get-cities/ List of cities received
2023-10-06 20:16:12,642 - main - INFO - GET /get-cities/ List of cities received
2023-10-06 20:16:13,022 - main - INFO - POST /register-user/ Users created id:25,name:TEST,surname:TEST,age:100
2023-10-06 20:16:13,032 - main - INFO - GET /user-list/ User list received
2023-10-06 20:16:13,341 - main - INFO - GET /all-picnics/ Picnic registration list
2023-10-06 20:20:09,940 - main - INFO - City "Kazan" was successfully created
2023-10-06 20:20:10,240 - main - INFO - GET /get-cities/ List of cities received
2023-10-06 20:20:10,535 - main - INFO - GET /get-cities/ List of cities received
2023-10-06 20:20:10,832 - main - INFO - POST /register-user/ Users created id:26,name:TEST,surname:TEST,age:100
2023-10-06 20:20:10,842 - main - INFO - GET /user-list/ User list received
2023-10-06 20:20:11,151 - main - INFO - GET /all-picnics/ Picnic registration list
2023-10-06 20:22:02,025 - main - INFO - City "Kazan" was successfully created
2023-10-06 20:22:02,378 - main - INFO - GET /get-cities/ List of cities received
2023-10-06 20:22:02,762 - main - INFO - GET /get-cities/ List of cities received
2023-10-06 20:22:03,121 - main - INFO - POST /register-user/ Users created id:27,name:TEST,surname:TEST,age:100
2023-10-06 20:22:03,131 - main - INFO - GET /user-list/ User list received
2023-10-06 20:22:03,438 - main - INFO - GET /all-picnics/ Picnic registration list
2023-10-06 20:22:39,530 - main - INFO - City "Kazan" was successfully created
2023-10-06 20:22:39,833 - main - INFO - GET /get-cities/ List of cities received
2023-10-06 20:22:40,164 - main - INFO - GET /get-cities/ List of cities received
2023-10-06 20:22:40,498 - main - INFO - POST /register-user/ Users created id:28,name:TEST,surname:TEST,age:100
2023-10-06 20:22:40,508 - main - INFO - GET /user-list/ User list received
2023-10-06 20:22:40,835 - main - INFO - GET /all-picnics/ Picnic registration list
2023-10-06 20:30:28,879 - main - INFO - City "Kazan" was successfully created
2023-10-06 20:30:29,209 - main - INFO - GET /get-cities/ List of cities received
2023-10-06 20:30:29,502 - main - INFO - GET /get-cities/ List of cities received
2023-10-06 20:30:29,825 - main - INFO - POST /register-user/ Users created id:29,name:TEST,surname:TEST,age:100
2023-10-06 20:30:29,835 - main - INFO - GET /user-list/ User list received
2023-10-06 20:30:29,851 - main - INFO - POST /picnic-add/ Picnic created id:18,city:Kazan,time:2023-10-19 13:00:00
2023-10-06 20:30:29,859 - main - INFO - GET /all-picnics/ Picnic registration list
2023-10-06 20:30:44,568 - main - INFO - GET /get-cities/ List of cities received
2023-10-06 20:30:44,990 - main - INFO - GET /get-cities/ List of cities received
2023-10-06 20:30:45,423 - main - INFO - POST /register-user/ Users created id:30,name:TEST,surname:TEST,age:100
2023-10-06 20:30:45,433 - main - INFO - GET /user-list/ User list received
2023-10-06 20:30:45,448 - main - INFO - POST /picnic-add/ Picnic created id:19,city:Kazan,time:2023-10-19 13:00:00
2023-10-06 20:30:45,456 - main - INFO - GET /all-picnics/ Picnic registration list
2023-10-06 20:31:10,977 - main - INFO - GET /get-cities/ List of cities received
2023-10-06 20:31:11,299 - main - INFO - GET /get-cities/ List of cities received
2023-10-06 20:31:11,622 - main - INFO - POST /register-user/ Users created id:31,name:TEST,surname:TEST,age:100
2023-10-06 20:31:11,632 - main - INFO - GET /user-list/ User list received
2023-10-06 20:31:11,942 - main - INFO - GET /all-picnics/ Picnic registration list
2023-10-06 20:31:22,123 - main - INFO - GET /get-cities/ List of cities received
2023-10-06 20:31:22,446 - main - INFO - GET /get-cities/ List of cities received
2023-10-06 20:31:22,767 - main - INFO - POST /register-user/ Users created id:32,name:TEST,surname:TEST,age:100
2023-10-06 20:31:22,776 - main - INFO - GET /user-list/ User list received
2023-10-06 20:31:22,792 - main - INFO - POST /picnic-add/ Picnic created id:20,city:Kazan,time:2023-10-19 13:00:00
2023-10-06 20:31:22,800 - main - INFO - GET /all-picnics/ Picnic registration list
2023-10-06 20:31:35,187 - main - INFO - GET /get-cities/ List of cities received
2023-10-06 20:31:35,512 - main - INFO - GET /get-cities/ List of cities received
2023-10-06 20:31:35,861 - main - INFO - POST /register-user/ Users created id:33,name:TEST,surname:TEST,age:100
2023-10-06 20:31:35,871 - main - INFO - GET /user-list/ User list received
2023-10-06 20:31:35,887 - main - INFO - POST /picnic-add/ Picnic created id:21,city:Kazan,time:2023-10-19 13:00:00
2023-10-06 20:31:35,894 - main - INFO - GET /all-picnics/ Picnic registration list
2023-10-06 20:50:07,813 - main - INFO - City "Kazan" was successfully created
2023-10-06 20:50:08,139 - main - INFO - GET /get-cities/ List of cities received
2023-10-06 20:50:08,484 - main - INFO - GET /get-cities/ List of cities received
2023-10-06 20:50:08,831 - main - INFO - POST /register-user/ Users created id:34,name:TEST,surname:TEST,age:100
2023-10-06 20:50:08,839 - main - INFO - GET /user-list/ User list received
2023-10-06 20:50:08,947 - main - INFO - POST /picnic-add/ Picnic created id:22,city:Kazan,time:2023-10-19 13:00:00
2023-10-06 20:50:08,954 - main - INFO - GET /all-picnics/ Picnic registration list
